<?xml version="1.0" encoding="UTF-8"?>
<testng-results skipped="0" failed="0" total="1" passed="1">
  <reporter-output>
  </reporter-output>
  <suite name="Default suite" duration-ms="18783" started-at="2019-02-20T16:45:38Z" finished-at="2019-02-20T16:45:56Z">
    <groups>
    </groups>
    <test name="Default test" duration-ms="18783" started-at="2019-02-20T16:45:38Z" finished-at="2019-02-20T16:45:56Z">
      <class name="com.crm.test.LoginPageTest">
        <test-method status="PASS" signature="setUp()[pri:0, instance:com.crm.test.LoginPageTest@16d4b5c]" name="setUp" is-config="true" duration-ms="9312" started-at="2019-02-20T22:15:38Z" finished-at="2019-02-20T22:15:47Z">
          <reporter-output>
          </reporter-output>
        </test-method> <!-- setUp -->
        <test-method status="PASS" signature="VerifyLoginTest()[pri:0, instance:com.crm.test.LoginPageTest@16d4b5c]" name="VerifyLoginTest" duration-ms="8783" started-at="2019-02-20T22:15:47Z" finished-at="2019-02-20T22:15:56Z">
          <reporter-output>
          </reporter-output>
        </test-method> <!-- VerifyLoginTest -->
        <test-method status="PASS" signature="tearDown()[pri:0, instance:com.crm.test.LoginPageTest@16d4b5c]" name="tearDown" is-config="true" duration-ms="672" started-at="2019-02-20T22:15:56Z" finished-at="2019-02-20T22:15:56Z">
          <reporter-output>
          </reporter-output>
        </test-method> <!-- tearDown -->
      </class> <!-- com.crm.test.LoginPageTest -->
    </test> <!-- Default test -->
  </suite> <!-- Default suite -->
</testng-results>
